<?xml version="1.0" encoding="UTF-8"?>
<coverage generated="1772811332675" clover="3.2.0">
  <project timestamp="1772811332675" name="All files">
    <metrics statements="30" coveredstatements="28" conditionals="6" coveredconditionals="5" methods="16" coveredmethods="15" elements="52" coveredelements="48" complexity="0" loc="30" ncloc="30" packages="3" files="6" classes="6"/>
    <package name="src">
      <metrics statements="3" coveredstatements="1" conditionals="2" coveredconditionals="1" methods="2" coveredmethods="1"/>
      <file name="assertions.ts" path="C:\Users\bilal\OneDrive\Documents\UM\Classes\Third Year\26 Winter\COMP 2452\Project\2452-Project\src\assertions.ts">
        <metrics statements="3" coveredstatements="1" conditionals="2" coveredconditionals="1" methods="2" coveredmethods="1"/>
        <line num="15" count="22" type="cond" truecount="1" falsecount="1"/>
        <line num="16" count="0" type="stmt"/>
        <line num="25" count="0" type="stmt"/>
      </file>
    </package>
    <package name="src.model">
      <metrics statements="20" coveredstatements="20" conditionals="2" coveredconditionals="2" methods="10" coveredmethods="10"/>
      <file name="cart.ts" path="C:\Users\bilal\OneDrive\Documents\UM\Classes\Third Year\26 Winter\COMP 2452\Project\2452-Project\src\model\cart.ts">
        <metrics statements="12" coveredstatements="12" conditionals="0" coveredconditionals="0" methods="8" coveredmethods="8"/>
        <line num="17" count="13" type="stmt"/>
        <line num="18" count="13" type="stmt"/>
        <line num="37" count="1" type="stmt"/>
        <line num="49" count="16" type="stmt"/>
        <line num="50" count="16" type="stmt"/>
        <line num="65" count="4" type="stmt"/>
        <line num="79" count="7" type="stmt"/>
        <line num="90" count="3" type="stmt"/>
        <line num="104" count="16" type="stmt"/>
        <line num="105" count="4" type="stmt"/>
        <line num="115" count="5" type="stmt"/>
        <line num="116" count="10" type="stmt"/>
      </file>
      <file name="receipt.ts" path="C:\Users\bilal\OneDrive\Documents\UM\Classes\Third Year\26 Winter\COMP 2452\Project\2452-Project\src\model\receipt.ts">
        <metrics statements="8" coveredstatements="8" conditionals="2" coveredconditionals="2" methods="2" coveredmethods="2"/>
        <line num="16" count="5" type="cond" truecount="2" falsecount="0"/>
        <line num="17" count="2" type="stmt"/>
        <line num="20" count="3" type="stmt"/>
        <line num="31" count="3" type="stmt"/>
        <line num="33" count="3" type="stmt"/>
        <line num="34" count="6" type="stmt"/>
        <line num="39" count="3" type="stmt"/>
        <line num="41" count="3" type="stmt"/>
      </file>
    </package>
    <package name="src.model.Product">
      <metrics statements="7" coveredstatements="7" conditionals="2" coveredconditionals="2" methods="4" coveredmethods="4"/>
      <file name="fruit.ts" path="C:\Users\bilal\OneDrive\Documents\UM\Classes\Third Year\26 Winter\COMP 2452\Project\2452-Project\src\model\Product\fruit.ts">
        <metrics statements="1" coveredstatements="1" conditionals="0" coveredconditionals="0" methods="1" coveredmethods="1"/>
        <line num="10" count="12" type="stmt"/>
      </file>
      <file name="product.ts" path="C:\Users\bilal\OneDrive\Documents\UM\Classes\Third Year\26 Winter\COMP 2452\Project\2452-Project\src\model\Product\product.ts">
        <metrics statements="5" coveredstatements="5" conditionals="2" coveredconditionals="2" methods="2" coveredmethods="2"/>
        <line num="10" count="21" type="cond" truecount="2" falsecount="0"/>
        <line num="11" count="2" type="stmt"/>
        <line num="13" count="19" type="stmt"/>
        <line num="14" count="19" type="stmt"/>
        <line num="22" count="19" type="stmt"/>
      </file>
      <file name="vegetable.ts" path="C:\Users\bilal\OneDrive\Documents\UM\Classes\Third Year\26 Winter\COMP 2452\Project\2452-Project\src\model\Product\vegetable.ts">
        <metrics statements="1" coveredstatements="1" conditionals="0" coveredconditionals="0" methods="1" coveredmethods="1"/>
        <line num="10" count="9" type="stmt"/>
      </file>
    </package>
  </project>
</coverage>
