<?xml version="1.0" encoding="UTF-8"?>
<coverage generated="1774716437567" clover="3.2.0">
  <project timestamp="1774716437568" name="All files">
    <metrics statements="227" coveredstatements="225" conditionals="54" coveredconditionals="48" methods="66" coveredmethods="65" elements="347" coveredelements="338" complexity="0" loc="227" ncloc="227" packages="7" files="14" classes="14"/>
    <package name="2452-Project">
      <metrics statements="0" coveredstatements="0" conditionals="0" coveredconditionals="0" methods="0" coveredmethods="0"/>
      <file name="create-tables.sql" path="C:\Users\bilal\OneDrive\Documents\UM\Classes\Third Year\26 Winter\COMP 2452\Project\2452-Project\create-tables.sql">
        <metrics statements="0" coveredstatements="0" conditionals="0" coveredconditionals="0" methods="0" coveredmethods="0"/>
      </file>
    </package>
    <package name="2452-Project.src">
      <metrics statements="3" coveredstatements="1" conditionals="2" coveredconditionals="1" methods="2" coveredmethods="1"/>
      <file name="assertions.ts" path="C:\Users\bilal\OneDrive\Documents\UM\Classes\Third Year\26 Winter\COMP 2452\Project\2452-Project\src\assertions.ts">
        <metrics statements="3" coveredstatements="1" conditionals="2" coveredconditionals="1" methods="2" coveredmethods="1"/>
        <line num="15" count="171" type="cond" truecount="1" falsecount="1"/>
        <line num="16" count="0" type="stmt"/>
        <line num="25" count="0" type="stmt"/>
      </file>
    </package>
    <package name="2452-Project.src.model">
      <metrics statements="126" coveredstatements="126" conditionals="32" coveredconditionals="29" methods="33" coveredmethods="33"/>
      <file name="cart.ts" path="C:\Users\bilal\OneDrive\Documents\UM\Classes\Third Year\26 Winter\COMP 2452\Project\2452-Project\src\model\cart.ts">
        <metrics statements="25" coveredstatements="25" conditionals="6" coveredconditionals="6" methods="10" coveredmethods="10"/>
        <line num="23" count="32" type="stmt"/>
        <line num="24" count="32" type="stmt"/>
        <line num="38" count="1" type="stmt"/>
        <line num="50" count="37" type="stmt"/>
        <line num="52" count="37" type="stmt"/>
        <line num="53" count="37" type="stmt"/>
        <line num="68" count="4" type="stmt"/>
        <line num="72" count="9" type="stmt"/>
        <line num="74" count="9" type="stmt"/>
        <line num="75" count="25" type="cond" truecount="2" falsecount="0"/>
        <line num="76" count="9" type="stmt"/>
        <line num="80" count="9" type="stmt"/>
        <line num="94" count="20" type="stmt"/>
        <line num="105" count="3" type="stmt"/>
        <line num="119" count="37" type="stmt"/>
        <line num="120" count="4" type="stmt"/>
        <line num="130" count="61" type="stmt"/>
        <line num="131" count="121" type="stmt"/>
        <line num="137" count="42" type="cond" truecount="2" falsecount="0"/>
        <line num="138" count="22" type="stmt"/>
        <line num="142" count="22" type="stmt"/>
        <line num="146" count="42" type="stmt"/>
        <line num="147" count="72" type="cond" truecount="2" falsecount="0"/>
        <line num="148" count="40" type="stmt"/>
        <line num="152" count="42" type="stmt"/>
      </file>
      <file name="cashier.ts" path="C:\Users\bilal\OneDrive\Documents\UM\Classes\Third Year\26 Winter\COMP 2452\Project\2452-Project\src\model\cashier.ts">
        <metrics statements="35" coveredstatements="35" conditionals="10" coveredconditionals="10" methods="7" coveredmethods="7"/>
        <line num="16" count="19" type="cond" truecount="2" falsecount="0"/>
        <line num="17" count="1" type="stmt"/>
        <line num="20" count="18" type="cond" truecount="2" falsecount="0"/>
        <line num="21" count="1" type="stmt"/>
        <line num="24" count="17" type="stmt"/>
        <line num="25" count="17" type="stmt"/>
        <line num="26" count="17" type="stmt"/>
        <line num="28" count="17" type="stmt"/>
        <line num="36" count="1" type="stmt"/>
        <line num="40" count="4" type="stmt"/>
        <line num="48" count="17" type="stmt"/>
        <line num="49" count="17" type="stmt"/>
        <line num="54" count="7" type="stmt"/>
        <line num="57" count="7" type="stmt"/>
        <line num="62" count="7" type="stmt"/>
        <line num="66" count="3" type="stmt"/>
        <line num="72" count="3" type="stmt"/>
        <line num="74" count="3" type="stmt"/>
        <line num="77" count="3" type="cond" truecount="2" falsecount="0"/>
        <line num="79" count="2" type="cond" truecount="2" falsecount="0"/>
        <line num="80" count="1" type="stmt"/>
        <line num="83" count="1" type="stmt"/>
        <line num="84" count="1" type="stmt"/>
        <line num="88" count="1" type="stmt"/>
        <line num="91" count="1" type="stmt"/>
        <line num="93" count="1" type="stmt"/>
        <line num="97" count="5" type="stmt"/>
        <line num="103" count="5" type="stmt"/>
        <line num="105" count="5" type="stmt"/>
        <line num="107" count="5" type="cond" truecount="2" falsecount="0"/>
        <line num="108" count="1" type="stmt"/>
        <line num="111" count="4" type="stmt"/>
        <line num="112" count="4" type="stmt"/>
        <line num="116" count="4" type="stmt"/>
        <line num="118" count="4" type="stmt"/>
      </file>
      <file name="connection.ts" path="C:\Users\bilal\OneDrive\Documents\UM\Classes\Third Year\26 Winter\COMP 2452\Project\2452-Project\src\model\connection.ts">
        <metrics statements="5" coveredstatements="5" conditionals="2" coveredconditionals="1" methods="1" coveredmethods="1"/>
        <line num="4" count="5" type="stmt"/>
        <line num="6" count="5" type="stmt"/>
        <line num="8" count="5" type="cond" truecount="1" falsecount="1"/>
        <line num="9" count="5" type="stmt"/>
        <line num="13" count="97" type="stmt"/>
      </file>
      <file name="receipt.ts" path="C:\Users\bilal\OneDrive\Documents\UM\Classes\Third Year\26 Winter\COMP 2452\Project\2452-Project\src\model\receipt.ts">
        <metrics statements="61" coveredstatements="61" conditionals="14" coveredconditionals="12" methods="15" coveredmethods="15"/>
        <line num="21" count="15" type="stmt"/>
        <line num="22" count="15" type="stmt"/>
        <line num="32" count="5" type="stmt"/>
        <line num="56" count="10" type="cond" truecount="2" falsecount="0"/>
        <line num="57" count="2" type="stmt"/>
        <line num="60" count="8" type="stmt"/>
        <line num="61" count="8" type="stmt"/>
        <line num="62" count="8" type="stmt"/>
        <line num="64" count="8" type="stmt"/>
        <line num="65" count="8" type="stmt"/>
        <line num="67" count="8" type="stmt"/>
        <line num="68" count="8" type="stmt"/>
        <line num="70" count="8" type="stmt"/>
        <line num="72" count="8" type="stmt"/>
        <line num="76" count="6" type="stmt"/>
        <line num="77" count="9" type="stmt"/>
        <line num="79" count="6" type="stmt"/>
        <line num="81" count="6" type="stmt"/>
        <line num="85" count="3" type="stmt"/>
        <line num="86" count="3" type="stmt"/>
        <line num="88" count="3" type="stmt"/>
        <line num="92" count="5" type="stmt"/>
        <line num="96" count="2" type="stmt"/>
        <line num="107" count="1" type="stmt"/>
        <line num="121" count="6" type="stmt"/>
        <line num="122" count="2" type="stmt"/>
        <line num="127" count="8" type="stmt"/>
        <line num="131" count="8" type="stmt"/>
        <line num="134" count="8" type="stmt"/>
        <line num="137" count="8" type="stmt"/>
        <line num="139" count="8" type="stmt"/>
        <line num="144" count="8" type="stmt"/>
        <line num="145" count="8" type="stmt"/>
        <line num="147" count="8" type="cond" truecount="2" falsecount="0"/>
        <line num="148" count="17" type="stmt"/>
        <line num="150" count="17" type="cond" truecount="2" falsecount="0"/>
        <line num="151" count="6" type="stmt"/>
        <line num="152" count="6" type="stmt"/>
        <line num="153" count="6" type="stmt"/>
        <line num="156" count="17" type="stmt"/>
        <line num="163" count="8" type="stmt"/>
        <line num="165" count="8" type="stmt"/>
        <line num="167" count="21" type="stmt"/>
        <line num="169" count="21" type="cond" truecount="2" falsecount="0"/>
        <line num="171" count="3" type="stmt"/>
        <line num="173" count="3" type="cond" truecount="3" falsecount="1"/>
        <line num="174" count="3" type="stmt"/>
        <line num="175" count="3" type="stmt"/>
        <line num="179" count="18" type="stmt"/>
        <line num="189" count="8" type="stmt"/>
        <line num="191" count="8" type="stmt"/>
        <line num="192" count="21" type="stmt"/>
        <line num="197" count="8" type="stmt"/>
        <line num="199" count="8" type="stmt"/>
        <line num="204" count="3" type="stmt"/>
        <line num="206" count="3" type="stmt"/>
        <line num="211" count="3" type="cond" truecount="1" falsecount="1"/>
        <line num="212" count="3" type="stmt"/>
        <line num="215" count="3" type="stmt"/>
        <line num="216" count="2" type="stmt"/>
        <line num="219" count="3" type="stmt"/>
      </file>
    </package>
    <package name="2452-Project.src.model.Coupon">
      <metrics statements="45" coveredstatements="45" conditionals="10" coveredconditionals="8" methods="10" coveredmethods="10"/>
      <file name="bogo.ts" path="C:\Users\bilal\OneDrive\Documents\UM\Classes\Third Year\26 Winter\COMP 2452\Project\2452-Project\src\model\Coupon\bogo.ts">
        <metrics statements="28" coveredstatements="28" conditionals="6" coveredconditionals="5" methods="5" coveredmethods="5"/>
        <line num="18" count="9" type="cond" truecount="2" falsecount="0"/>
        <line num="19" count="1" type="stmt"/>
        <line num="22" count="8" type="cond" truecount="2" falsecount="0"/>
        <line num="23" count="1" type="stmt"/>
        <line num="26" count="7" type="stmt"/>
        <line num="27" count="7" type="stmt"/>
        <line num="29" count="7" type="stmt"/>
        <line num="31" count="7" type="stmt"/>
        <line num="35" count="2" type="stmt"/>
        <line num="39" count="7" type="stmt"/>
        <line num="40" count="7" type="stmt"/>
        <line num="41" count="7" type="stmt"/>
        <line num="42" count="7" type="stmt"/>
        <line num="47" count="2" type="stmt"/>
        <line num="52" count="2" type="cond" truecount="1" falsecount="1"/>
        <line num="53" count="2" type="stmt"/>
        <line num="56" count="2" type="stmt"/>
        <line num="60" count="1" type="stmt"/>
        <line num="65" count="1" type="stmt"/>
        <line num="67" count="1" type="stmt"/>
        <line num="68" count="1" type="stmt"/>
        <line num="69" count="1" type="stmt"/>
        <line num="71" count="1" type="stmt"/>
        <line num="72" count="1" type="stmt"/>
        <line num="74" count="1" type="stmt"/>
        <line num="75" count="1" type="stmt"/>
        <line num="77" count="1" type="stmt"/>
        <line num="80" count="1" type="stmt"/>
      </file>
      <file name="discount.ts" path="C:\Users\bilal\OneDrive\Documents\UM\Classes\Third Year\26 Winter\COMP 2452\Project\2452-Project\src\model\Coupon\discount.ts">
        <metrics statements="17" coveredstatements="17" conditionals="4" coveredconditionals="3" methods="5" coveredmethods="5"/>
        <line num="11" count="11" type="cond" truecount="2" falsecount="0"/>
        <line num="12" count="1" type="stmt"/>
        <line num="15" count="10" type="stmt"/>
        <line num="17" count="10" type="stmt"/>
        <line num="21" count="2" type="stmt"/>
        <line num="26" count="10" type="stmt"/>
        <line num="31" count="2" type="stmt"/>
        <line num="36" count="2" type="cond" truecount="1" falsecount="1"/>
        <line num="37" count="2" type="stmt"/>
        <line num="40" count="2" type="stmt"/>
        <line num="44" count="1" type="stmt"/>
        <line num="49" count="1" type="stmt"/>
        <line num="51" count="1" type="stmt"/>
        <line num="53" count="1" type="stmt"/>
        <line num="54" count="1" type="stmt"/>
        <line num="56" count="1" type="stmt"/>
        <line num="59" count="1" type="stmt"/>
      </file>
    </package>
    <package name="2452-Project.src.model.Product">
      <metrics statements="38" coveredstatements="38" conditionals="10" coveredconditionals="10" methods="16" coveredmethods="16"/>
      <file name="fruit.ts" path="C:\Users\bilal\OneDrive\Documents\UM\Classes\Third Year\26 Winter\COMP 2452\Project\2452-Project\src\model\Product\fruit.ts">
        <metrics statements="4" coveredstatements="4" conditionals="0" coveredconditionals="0" methods="3" coveredmethods="3"/>
        <line num="10" count="4" type="stmt"/>
        <line num="13" count="30" type="stmt"/>
        <line num="17" count="2" type="stmt"/>
        <line num="21" count="1" type="stmt"/>
      </file>
      <file name="product.ts" path="C:\Users\bilal\OneDrive\Documents\UM\Classes\Third Year\26 Winter\COMP 2452\Project\2452-Project\src\model\Product\product.ts">
        <metrics statements="20" coveredstatements="20" conditionals="8" coveredconditionals="8" methods="5" coveredmethods="5"/>
        <line num="16" count="60" type="cond" truecount="2" falsecount="0"/>
        <line num="17" count="3" type="stmt"/>
        <line num="20" count="57" type="stmt"/>
        <line num="21" count="57" type="stmt"/>
        <line num="25" count="121" type="stmt"/>
        <line num="32" count="57" type="stmt"/>
        <line num="38" count="40" type="stmt"/>
        <line num="43" count="40" type="cond" truecount="2" falsecount="0"/>
        <line num="44" count="34" type="stmt"/>
        <line num="47" count="40" type="cond" truecount="2" falsecount="0"/>
        <line num="48" count="4" type="stmt"/>
        <line num="54" count="40" type="stmt"/>
        <line num="59" count="2" type="stmt"/>
        <line num="64" count="2" type="stmt"/>
        <line num="65" count="3" type="stmt"/>
        <line num="66" count="3" type="stmt"/>
        <line num="68" count="3" type="cond" truecount="2" falsecount="0"/>
        <line num="69" count="1" type="stmt"/>
        <line num="72" count="3" type="stmt"/>
        <line num="75" count="2" type="stmt"/>
      </file>
      <file name="smoothie.ts" path="C:\Users\bilal\OneDrive\Documents\UM\Classes\Third Year\26 Winter\COMP 2452\Project\2452-Project\src\model\Product\smoothie.ts">
        <metrics statements="10" coveredstatements="10" conditionals="2" coveredconditionals="2" methods="5" coveredmethods="5"/>
        <line num="6" count="2" type="stmt"/>
        <line num="11" count="12" type="stmt"/>
        <line num="15" count="2" type="stmt"/>
        <line num="16" count="2" type="stmt"/>
        <line num="17" count="2" type="stmt"/>
        <line num="21" count="4" type="cond" truecount="2" falsecount="0"/>
        <line num="22" count="1" type="stmt"/>
        <line num="24" count="3" type="stmt"/>
        <line num="28" count="8" type="stmt"/>
        <line num="32" count="1" type="stmt"/>
      </file>
      <file name="vegetable.ts" path="C:\Users\bilal\OneDrive\Documents\UM\Classes\Third Year\26 Winter\COMP 2452\Project\2452-Project\src\model\Product\vegetable.ts">
        <metrics statements="4" coveredstatements="4" conditionals="0" coveredconditionals="0" methods="3" coveredmethods="3"/>
        <line num="10" count="4" type="stmt"/>
        <line num="13" count="18" type="stmt"/>
        <line num="17" count="2" type="stmt"/>
        <line num="21" count="1" type="stmt"/>
      </file>
    </package>
    <package name="2452-Project.src.model.Product.Factory">
      <metrics statements="6" coveredstatements="6" conditionals="0" coveredconditionals="0" methods="2" coveredmethods="2"/>
      <file name="factory.ts" path="C:\Users\bilal\OneDrive\Documents\UM\Classes\Third Year\26 Winter\COMP 2452\Project\2452-Project\src\model\Product\Factory\factory.ts">
        <metrics statements="6" coveredstatements="6" conditionals="0" coveredconditionals="0" methods="2" coveredmethods="2"/>
        <line num="7" count="5" type="stmt"/>
        <line num="10" count="3" type="stmt"/>
        <line num="12" count="3" type="stmt"/>
        <line num="16" count="3" type="stmt"/>
        <line num="18" count="3" type="stmt"/>
        <line num="19" count="3" type="stmt"/>
      </file>
    </package>
    <package name="2452-Project.src.utils">
      <metrics statements="9" coveredstatements="9" conditionals="0" coveredconditionals="0" methods="3" coveredmethods="3"/>
      <file name="hashing.ts" path="C:\Users\bilal\OneDrive\Documents\UM\Classes\Third Year\26 Winter\COMP 2452\Project\2452-Project\src\utils\hashing.ts">
        <metrics statements="9" coveredstatements="9" conditionals="0" coveredconditionals="0" methods="3" coveredmethods="3"/>
        <line num="8" count="8" type="stmt"/>
        <line num="9" count="8" type="stmt"/>
        <line num="10" count="8" type="stmt"/>
        <line num="13" count="8" type="stmt"/>
        <line num="22" count="8" type="stmt"/>
        <line num="34" count="8" type="stmt"/>
        <line num="39" count="8" type="stmt"/>
        <line num="40" count="8" type="stmt"/>
        <line num="41" count="256" type="stmt"/>
      </file>
    </package>
  </project>
</coverage>
