{"C:\\Users\\bilal\\OneDrive\\Documents\\UM\\Classes\\Third Year\\26 Winter\\COMP 2452\\Project\\2452-Project\\src\\assertions.ts": {"path":"C:\\Users\\bilal\\OneDrive\\Documents\\UM\\Classes\\Third Year\\26 Winter\\COMP 2452\\Project\\2452-Project\\src\\assertions.ts","statementMap":{"0":{"start":{"line":15,"column":4},"end":{"line":17,"column":null}},"1":{"start":{"line":16,"column":8},"end":{"line":16,"column":null}},"2":{"start":{"line":25,"column":8},"end":{"line":25,"column":null}}},"fnMap":{"0":{"name":"assert","decl":{"start":{"line":14,"column":16},"end":{"line":14,"column":23}},"loc":{"start":{"line":14,"column":66},"end":{"line":18,"column":null}},"line":14},"1":{"name":"(anonymous_1)","decl":{"start":{"line":24,"column":4},"end":{"line":24,"column":16}},"loc":{"start":{"line":24,"column":33},"end":{"line":26,"column":null}},"line":24}},"branchMap":{"0":{"loc":{"start":{"line":15,"column":4},"end":{"line":17,"column":null}},"type":"if","locations":[{"start":{"line":15,"column":4},"end":{"line":17,"column":null}},{"start":{},"end":{}}],"line":15}},"s":{"0":22,"1":0,"2":0},"f":{"0":22,"1":0},"b":{"0":[0,22]},"meta":{"lastBranch":1,"lastFunction":2,"lastStatement":3,"seen":{"f:14:16:14:23":0,"b:15:4:17:Infinity:undefined:undefined:undefined:undefined":0,"s:15:4:17:Infinity":0,"s:16:8:16:Infinity":1,"f:24:4:24:16":1,"s:25:8:25:Infinity":2}}}
,"C:\\Users\\bilal\\OneDrive\\Documents\\UM\\Classes\\Third Year\\26 Winter\\COMP 2452\\Project\\2452-Project\\src\\model\\cart.ts": {"path":"C:\\Users\\bilal\\OneDrive\\Documents\\UM\\Classes\\Third Year\\26 Winter\\COMP 2452\\Project\\2452-Project\\src\\model\\cart.ts","statementMap":{"0":{"start":{"line":17,"column":8},"end":{"line":17,"column":null}},"1":{"start":{"line":18,"column":8},"end":{"line":18,"column":null}},"2":{"start":{"line":37,"column":8},"end":{"line":37,"column":null}},"3":{"start":{"line":49,"column":8},"end":{"line":49,"column":null}},"4":{"start":{"line":50,"column":8},"end":{"line":50,"column":null}},"5":{"start":{"line":65,"column":8},"end":{"line":65,"column":null}},"6":{"start":{"line":79,"column":8},"end":{"line":79,"column":null}},"7":{"start":{"line":90,"column":8},"end":{"line":90,"column":null}},"8":{"start":{"line":104,"column":8},"end":{"line":106,"column":null}},"9":{"start":{"line":105,"column":12},"end":{"line":105,"column":null}},"10":{"start":{"line":115,"column":8},"end":{"line":117,"column":null}},"11":{"start":{"line":116,"column":12},"end":{"line":116,"column":null}}},"fnMap":{"0":{"name":"(anonymous_0)","decl":{"start":{"line":16,"column":4},"end":{"line":16,"column":18}},"loc":{"start":{"line":16,"column":18},"end":{"line":23,"column":null}},"line":16},"1":{"name":"(anonymous_1)","decl":{"start":{"line":32,"column":11},"end":{"line":32,"column":31}},"loc":{"start":{"line":32,"column":31},"end":{"line":38,"column":null}},"line":32},"2":{"name":"(anonymous_2)","decl":{"start":{"line":44,"column":11},"end":{"line":44,"column":19}},"loc":{"start":{"line":44,"column":40},"end":{"line":54,"column":null}},"line":44},"3":{"name":"(anonymous_3)","decl":{"start":{"line":61,"column":11},"end":{"line":61,"column":20}},"loc":{"start":{"line":61,"column":44},"end":{"line":66,"column":null}},"line":61},"4":{"name":"(anonymous_4)","decl":{"start":{"line":74,"column":11},"end":{"line":74,"column":30}},"loc":{"start":{"line":74,"column":30},"end":{"line":80,"column":null}},"line":74},"5":{"name":"(anonymous_5)","decl":{"start":{"line":86,"column":11},"end":{"line":86,"column":28}},"loc":{"start":{"line":86,"column":54},"end":{"line":93,"column":null}},"line":86},"6":{"name":"(anonymous_6)","decl":{"start":{"line":99,"column":4},"end":{"line":99,"column":23}},"loc":{"start":{"line":99,"column":23},"end":{"line":107,"column":null}},"line":99},"7":{"name":"(anonymous_7)","decl":{"start":{"line":114,"column":6},"end":{"line":114,"column":21}},"loc":{"start":{"line":114,"column":52},"end":{"line":118,"column":null}},"line":114}},"branchMap":{},"s":{"0":13,"1":13,"2":1,"3":16,"4":16,"5":4,"6":7,"7":3,"8":16,"9":4,"10":5,"11":10},"f":{"0":13,"1":1,"2":16,"3":4,"4":7,"5":3,"6":16,"7":5},"b":{},"meta":{"lastBranch":0,"lastFunction":8,"lastStatement":12,"seen":{"f:16:4:16:18":0,"s:17:8:17:Infinity":0,"s:18:8:18:Infinity":1,"f:32:11:32:31":1,"s:37:8:37:Infinity":2,"f:44:11:44:19":2,"s:49:8:49:Infinity":3,"s:50:8:50:Infinity":4,"f:61:11:61:20":3,"s:65:8:65:Infinity":5,"f:74:11:74:30":4,"s:79:8:79:Infinity":6,"f:86:11:86:28":5,"s:90:8:90:Infinity":7,"f:99:4:99:23":6,"s:104:8:106:Infinity":8,"s:105:12:105:Infinity":9,"f:114:6:114:21":7,"s:115:8:117:Infinity":10,"s:116:12:116:Infinity":11}}}
,"C:\\Users\\bilal\\OneDrive\\Documents\\UM\\Classes\\Third Year\\26 Winter\\COMP 2452\\Project\\2452-Project\\src\\model\\receipt.ts": {"path":"C:\\Users\\bilal\\OneDrive\\Documents\\UM\\Classes\\Third Year\\26 Winter\\COMP 2452\\Project\\2452-Project\\src\\model\\receipt.ts","statementMap":{"0":{"start":{"line":16,"column":8},"end":{"line":18,"column":null}},"1":{"start":{"line":17,"column":12},"end":{"line":17,"column":null}},"2":{"start":{"line":20,"column":8},"end":{"line":20,"column":null}},"3":{"start":{"line":31,"column":18},"end":{"line":31,"column":null}},"4":{"start":{"line":33,"column":8},"end":{"line":35,"column":null}},"5":{"start":{"line":34,"column":12},"end":{"line":34,"column":null}},"6":{"start":{"line":39,"column":8},"end":{"line":39,"column":null}},"7":{"start":{"line":41,"column":8},"end":{"line":41,"column":null}}},"fnMap":{"0":{"name":"(anonymous_0)","decl":{"start":{"line":12,"column":4},"end":{"line":12,"column":16}},"loc":{"start":{"line":12,"column":28},"end":{"line":21,"column":null}},"line":12},"1":{"name":"(anonymous_1)","decl":{"start":{"line":27,"column":15},"end":{"line":27,"column":31}},"loc":{"start":{"line":27,"column":31},"end":{"line":42,"column":null}},"line":27}},"branchMap":{"0":{"loc":{"start":{"line":16,"column":8},"end":{"line":18,"column":null}},"type":"if","locations":[{"start":{"line":16,"column":8},"end":{"line":18,"column":null}},{"start":{},"end":{}}],"line":16}},"s":{"0":5,"1":2,"2":3,"3":3,"4":3,"5":6,"6":3,"7":3},"f":{"0":5,"1":3},"b":{"0":[2,3]},"meta":{"lastBranch":1,"lastFunction":2,"lastStatement":8,"seen":{"f:12:4:12:16":0,"b:16:8:18:Infinity:undefined:undefined:undefined:undefined":0,"s:16:8:18:Infinity":0,"s:17:12:17:Infinity":1,"s:20:8:20:Infinity":2,"f:27:15:27:31":1,"s:31:18:31:Infinity":3,"s:33:8:35:Infinity":4,"s:34:12:34:Infinity":5,"s:39:8:39:Infinity":6,"s:41:8:41:Infinity":7}}}
,"C:\\Users\\bilal\\OneDrive\\Documents\\UM\\Classes\\Third Year\\26 Winter\\COMP 2452\\Project\\2452-Project\\src\\model\\Product\\fruit.ts": {"path":"C:\\Users\\bilal\\OneDrive\\Documents\\UM\\Classes\\Third Year\\26 Winter\\COMP 2452\\Project\\2452-Project\\src\\model\\Product\\fruit.ts","statementMap":{"0":{"start":{"line":10,"column":8},"end":{"line":10,"column":null}}},"fnMap":{"0":{"name":"(anonymous_0)","decl":{"start":{"line":9,"column":4},"end":{"line":9,"column":16}},"loc":{"start":{"line":9,"column":31},"end":{"line":11,"column":null}},"line":9}},"branchMap":{},"s":{"0":12},"f":{"0":12},"b":{},"meta":{"lastBranch":0,"lastFunction":1,"lastStatement":1,"seen":{"f:9:4:9:16":0,"s:10:8:10:Infinity":0}}}
,"C:\\Users\\bilal\\OneDrive\\Documents\\UM\\Classes\\Third Year\\26 Winter\\COMP 2452\\Project\\2452-Project\\src\\model\\Product\\product.ts": {"path":"C:\\Users\\bilal\\OneDrive\\Documents\\UM\\Classes\\Third Year\\26 Winter\\COMP 2452\\Project\\2452-Project\\src\\model\\Product\\product.ts","statementMap":{"0":{"start":{"line":10,"column":8},"end":{"line":12,"column":null}},"1":{"start":{"line":11,"column":12},"end":{"line":11,"column":null}},"2":{"start":{"line":13,"column":8},"end":{"line":13,"column":null}},"3":{"start":{"line":14,"column":8},"end":{"line":14,"column":null}},"4":{"start":{"line":22,"column":8},"end":{"line":22,"column":null}}},"fnMap":{"0":{"name":"(anonymous_0)","decl":{"start":{"line":9,"column":4},"end":{"line":9,"column":16}},"loc":{"start":{"line":9,"column":31},"end":{"line":15,"column":null}},"line":9},"1":{"name":"(anonymous_1)","decl":{"start":{"line":21,"column":4},"end":{"line":21,"column":20}},"loc":{"start":{"line":21,"column":20},"end":{"line":23,"column":null}},"line":21}},"branchMap":{"0":{"loc":{"start":{"line":10,"column":8},"end":{"line":12,"column":null}},"type":"if","locations":[{"start":{"line":10,"column":8},"end":{"line":12,"column":null}},{"start":{},"end":{}}],"line":10}},"s":{"0":21,"1":2,"2":19,"3":19,"4":19},"f":{"0":21,"1":19},"b":{"0":[2,19]},"meta":{"lastBranch":1,"lastFunction":2,"lastStatement":5,"seen":{"f:9:4:9:16":0,"b:10:8:12:Infinity:undefined:undefined:undefined:undefined":0,"s:10:8:12:Infinity":0,"s:11:12:11:Infinity":1,"s:13:8:13:Infinity":2,"s:14:8:14:Infinity":3,"f:21:4:21:20":1,"s:22:8:22:Infinity":4}}}
,"C:\\Users\\bilal\\OneDrive\\Documents\\UM\\Classes\\Third Year\\26 Winter\\COMP 2452\\Project\\2452-Project\\src\\model\\Product\\vegetable.ts": {"path":"C:\\Users\\bilal\\OneDrive\\Documents\\UM\\Classes\\Third Year\\26 Winter\\COMP 2452\\Project\\2452-Project\\src\\model\\Product\\vegetable.ts","statementMap":{"0":{"start":{"line":10,"column":8},"end":{"line":10,"column":null}}},"fnMap":{"0":{"name":"(anonymous_0)","decl":{"start":{"line":9,"column":4},"end":{"line":9,"column":16}},"loc":{"start":{"line":9,"column":31},"end":{"line":11,"column":null}},"line":9}},"branchMap":{},"s":{"0":9},"f":{"0":9},"b":{},"meta":{"lastBranch":0,"lastFunction":1,"lastStatement":1,"seen":{"f:9:4:9:16":0,"s:10:8:10:Infinity":0}}}
}
