{"C:\\Users\\bilal\\OneDrive\\Desktop\\2452-Project\\src\\assertions.ts": {"path":"C:\\Users\\bilal\\OneDrive\\Desktop\\2452-Project\\src\\assertions.ts","statementMap":{"0":{"start":{"line":15,"column":4},"end":{"line":17,"column":null}},"1":{"start":{"line":16,"column":8},"end":{"line":16,"column":null}},"2":{"start":{"line":25,"column":8},"end":{"line":25,"column":null}}},"fnMap":{"0":{"name":"assert","decl":{"start":{"line":14,"column":16},"end":{"line":14,"column":23}},"loc":{"start":{"line":14,"column":66},"end":{"line":18,"column":null}},"line":14},"1":{"name":"(anonymous_1)","decl":{"start":{"line":24,"column":4},"end":{"line":24,"column":16}},"loc":{"start":{"line":24,"column":33},"end":{"line":26,"column":null}},"line":24}},"branchMap":{"0":{"loc":{"start":{"line":15,"column":4},"end":{"line":17,"column":null}},"type":"if","locations":[{"start":{"line":15,"column":4},"end":{"line":17,"column":null}},{"start":{},"end":{}}],"line":15}},"s":{"0":41,"1":0,"2":0},"f":{"0":41,"1":0},"b":{"0":[0,41]},"meta":{"lastBranch":1,"lastFunction":2,"lastStatement":3,"seen":{"f:14:16:14:23":0,"b:15:4:17:Infinity:undefined:undefined:undefined:undefined":0,"s:15:4:17:Infinity":0,"s:16:8:16:Infinity":1,"f:24:4:24:16":1,"s:25:8:25:Infinity":2}}}
,"C:\\Users\\bilal\\OneDrive\\Desktop\\2452-Project\\src\\model\\cart.ts": {"path":"C:\\Users\\bilal\\OneDrive\\Desktop\\2452-Project\\src\\model\\cart.ts","statementMap":{"0":{"start":{"line":16,"column":8},"end":{"line":16,"column":null}},"1":{"start":{"line":17,"column":8},"end":{"line":17,"column":null}},"2":{"start":{"line":29,"column":8},"end":{"line":29,"column":null}},"3":{"start":{"line":30,"column":8},"end":{"line":30,"column":null}},"4":{"start":{"line":45,"column":8},"end":{"line":45,"column":null}},"5":{"start":{"line":59,"column":8},"end":{"line":59,"column":null}},"6":{"start":{"line":70,"column":8},"end":{"line":70,"column":null}},"7":{"start":{"line":84,"column":8},"end":{"line":86,"column":null}},"8":{"start":{"line":85,"column":12},"end":{"line":85,"column":null}},"9":{"start":{"line":95,"column":8},"end":{"line":97,"column":null}},"10":{"start":{"line":96,"column":12},"end":{"line":96,"column":null}}},"fnMap":{"0":{"name":"(anonymous_0)","decl":{"start":{"line":15,"column":4},"end":{"line":15,"column":18}},"loc":{"start":{"line":15,"column":18},"end":{"line":18,"column":null}},"line":15},"1":{"name":"(anonymous_1)","decl":{"start":{"line":24,"column":11},"end":{"line":24,"column":19}},"loc":{"start":{"line":24,"column":40},"end":{"line":34,"column":null}},"line":24},"2":{"name":"(anonymous_2)","decl":{"start":{"line":41,"column":11},"end":{"line":41,"column":20}},"loc":{"start":{"line":41,"column":44},"end":{"line":46,"column":null}},"line":41},"3":{"name":"(anonymous_3)","decl":{"start":{"line":54,"column":11},"end":{"line":54,"column":30}},"loc":{"start":{"line":54,"column":30},"end":{"line":60,"column":null}},"line":54},"4":{"name":"(anonymous_4)","decl":{"start":{"line":66,"column":11},"end":{"line":66,"column":28}},"loc":{"start":{"line":66,"column":54},"end":{"line":73,"column":null}},"line":66},"5":{"name":"(anonymous_5)","decl":{"start":{"line":79,"column":4},"end":{"line":79,"column":23}},"loc":{"start":{"line":79,"column":23},"end":{"line":87,"column":null}},"line":79},"6":{"name":"(anonymous_6)","decl":{"start":{"line":94,"column":6},"end":{"line":94,"column":21}},"loc":{"start":{"line":94,"column":52},"end":{"line":98,"column":null}},"line":94}},"branchMap":{},"s":{"0":12,"1":12,"2":19,"3":19,"4":4,"5":2,"6":3,"7":19,"8":4,"9":8,"10":15},"f":{"0":12,"1":19,"2":4,"3":2,"4":3,"5":19,"6":8},"b":{},"meta":{"lastBranch":0,"lastFunction":7,"lastStatement":11,"seen":{"f:15:4:15:18":0,"s:16:8:16:Infinity":0,"s:17:8:17:Infinity":1,"f:24:11:24:19":1,"s:29:8:29:Infinity":2,"s:30:8:30:Infinity":3,"f:41:11:41:20":2,"s:45:8:45:Infinity":4,"f:54:11:54:30":3,"s:59:8:59:Infinity":5,"f:66:11:66:28":4,"s:70:8:70:Infinity":6,"f:79:4:79:23":5,"s:84:8:86:Infinity":7,"s:85:12:85:Infinity":8,"f:94:6:94:21":6,"s:95:8:97:Infinity":9,"s:96:12:96:Infinity":10}}}
,"C:\\Users\\bilal\\OneDrive\\Desktop\\2452-Project\\src\\model\\receipt.ts": {"path":"C:\\Users\\bilal\\OneDrive\\Desktop\\2452-Project\\src\\model\\receipt.ts","statementMap":{"0":{"start":{"line":13,"column":8},"end":{"line":13,"column":null}},"1":{"start":{"line":26,"column":22},"end":{"line":26,"column":null}},"2":{"start":{"line":28,"column":8},"end":{"line":44,"column":null}},"3":{"start":{"line":30,"column":23},"end":{"line":30,"column":null}},"4":{"start":{"line":31,"column":30},"end":{"line":31,"column":null}},"5":{"start":{"line":33,"column":12},"end":{"line":33,"column":null}},"6":{"start":{"line":34,"column":12},"end":{"line":34,"column":null}},"7":{"start":{"line":35,"column":12},"end":{"line":35,"column":null}},"8":{"start":{"line":39,"column":12},"end":{"line":43,"column":null}},"9":{"start":{"line":40,"column":16},"end":{"line":40,"column":null}},"10":{"start":{"line":42,"column":16},"end":{"line":42,"column":null}},"11":{"start":{"line":46,"column":8},"end":{"line":46,"column":null}},"12":{"start":{"line":56,"column":18},"end":{"line":56,"column":null}},"13":{"start":{"line":58,"column":8},"end":{"line":60,"column":null}},"14":{"start":{"line":59,"column":12},"end":{"line":59,"column":null}},"15":{"start":{"line":64,"column":8},"end":{"line":64,"column":null}},"16":{"start":{"line":66,"column":8},"end":{"line":66,"column":null}}},"fnMap":{"0":{"name":"(anonymous_0)","decl":{"start":{"line":12,"column":4},"end":{"line":12,"column":16}},"loc":{"start":{"line":12,"column":29},"end":{"line":14,"column":null}},"line":12},"1":{"name":"(anonymous_1)","decl":{"start":{"line":22,"column":11},"end":{"line":22,"column":57}},"loc":{"start":{"line":22,"column":57},"end":{"line":47,"column":null}},"line":22},"2":{"name":"(anonymous_2)","decl":{"start":{"line":52,"column":15},"end":{"line":52,"column":31}},"loc":{"start":{"line":52,"column":31},"end":{"line":67,"column":null}},"line":52}},"branchMap":{"0":{"loc":{"start":{"line":35,"column":19},"end":{"line":35,"column":78}},"type":"binary-expr","locations":[{"start":{"line":35,"column":19},"end":{"line":35,"column":48}},{"start":{"line":35,"column":48},"end":{"line":35,"column":78}}],"line":35},"1":{"loc":{"start":{"line":39,"column":12},"end":{"line":43,"column":null}},"type":"if","locations":[{"start":{"line":39,"column":12},"end":{"line":43,"column":null}},{"start":{"line":41,"column":19},"end":{"line":43,"column":null}}],"line":39}},"s":{"0":5,"1":2,"2":2,"3":5,"4":5,"5":5,"6":5,"7":5,"8":5,"9":1,"10":4,"11":2,"12":4,"13":4,"14":6,"15":4,"16":4},"f":{"0":5,"1":2,"2":4},"b":{"0":[5,1],"1":[1,4]},"meta":{"lastBranch":2,"lastFunction":3,"lastStatement":17,"seen":{"f:12:4:12:16":0,"s:13:8:13:Infinity":0,"f:22:11:22:57":1,"s:26:22:26:Infinity":1,"s:28:8:44:Infinity":2,"s:30:23:30:Infinity":3,"s:31:30:31:Infinity":4,"s:33:12:33:Infinity":5,"s:34:12:34:Infinity":6,"s:35:12:35:Infinity":7,"b:35:19:35:48:35:48:35:78":0,"b:39:12:43:Infinity:41:19:43:Infinity":1,"s:39:12:43:Infinity":8,"s:40:16:40:Infinity":9,"s:42:16:42:Infinity":10,"s:46:8:46:Infinity":11,"f:52:15:52:31":2,"s:56:18:56:Infinity":12,"s:58:8:60:Infinity":13,"s:59:12:59:Infinity":14,"s:64:8:64:Infinity":15,"s:66:8:66:Infinity":16}}}
,"C:\\Users\\bilal\\OneDrive\\Desktop\\2452-Project\\src\\model\\Product\\fruit.ts": {"path":"C:\\Users\\bilal\\OneDrive\\Desktop\\2452-Project\\src\\model\\Product\\fruit.ts","statementMap":{"0":{"start":{"line":14,"column":8},"end":{"line":14,"column":null}},"1":{"start":{"line":15,"column":8},"end":{"line":15,"column":null}},"2":{"start":{"line":17,"column":8},"end":{"line":19,"column":null}},"3":{"start":{"line":18,"column":12},"end":{"line":18,"column":null}},"4":{"start":{"line":21,"column":8},"end":{"line":21,"column":null}},"5":{"start":{"line":32,"column":8},"end":{"line":32,"column":null}},"6":{"start":{"line":39,"column":8},"end":{"line":39,"column":null}}},"fnMap":{"0":{"name":"(anonymous_0)","decl":{"start":{"line":13,"column":4},"end":{"line":13,"column":16}},"loc":{"start":{"line":13,"column":31},"end":{"line":22,"column":null}},"line":13},"1":{"name":"(anonymous_1)","decl":{"start":{"line":28,"column":8},"end":{"line":28,"column":25}},"loc":{"start":{"line":28,"column":25},"end":{"line":33,"column":null}},"line":28},"2":{"name":"(anonymous_2)","decl":{"start":{"line":38,"column":4},"end":{"line":38,"column":24}},"loc":{"start":{"line":38,"column":24},"end":{"line":40,"column":null}},"line":38}},"branchMap":{"0":{"loc":{"start":{"line":17,"column":8},"end":{"line":19,"column":null}},"type":"if","locations":[{"start":{"line":17,"column":8},"end":{"line":19,"column":null}},{"start":{},"end":{}}],"line":17}},"s":{"0":14,"1":14,"2":14,"3":1,"4":13,"5":5,"6":13},"f":{"0":14,"1":5,"2":13},"b":{"0":[1,13]},"meta":{"lastBranch":1,"lastFunction":3,"lastStatement":7,"seen":{"f:13:4:13:16":0,"s:14:8:14:Infinity":0,"s:15:8:15:Infinity":1,"b:17:8:19:Infinity:undefined:undefined:undefined:undefined":0,"s:17:8:19:Infinity":2,"s:18:12:18:Infinity":3,"s:21:8:21:Infinity":4,"f:28:8:28:25":1,"s:32:8:32:Infinity":5,"f:38:4:38:24":2,"s:39:8:39:Infinity":6}}}
,"C:\\Users\\bilal\\OneDrive\\Desktop\\2452-Project\\src\\model\\Product\\product.ts": {"path":"C:\\Users\\bilal\\OneDrive\\Desktop\\2452-Project\\src\\model\\Product\\product.ts","statementMap":{},"fnMap":{},"branchMap":{},"s":{},"f":{},"b":{},"meta":{"lastBranch":0,"lastFunction":0,"lastStatement":0,"seen":{}}}
,"C:\\Users\\bilal\\OneDrive\\Desktop\\2452-Project\\src\\model\\Product\\vegetable.ts": {"path":"C:\\Users\\bilal\\OneDrive\\Desktop\\2452-Project\\src\\model\\Product\\vegetable.ts","statementMap":{"0":{"start":{"line":14,"column":8},"end":{"line":14,"column":null}},"1":{"start":{"line":15,"column":8},"end":{"line":15,"column":null}},"2":{"start":{"line":17,"column":8},"end":{"line":19,"column":null}},"3":{"start":{"line":18,"column":12},"end":{"line":18,"column":null}},"4":{"start":{"line":21,"column":8},"end":{"line":21,"column":null}},"5":{"start":{"line":33,"column":8},"end":{"line":33,"column":null}},"6":{"start":{"line":40,"column":8},"end":{"line":40,"column":null}}},"fnMap":{"0":{"name":"(anonymous_0)","decl":{"start":{"line":13,"column":4},"end":{"line":13,"column":16}},"loc":{"start":{"line":13,"column":31},"end":{"line":22,"column":null}},"line":13},"1":{"name":"(anonymous_1)","decl":{"start":{"line":29,"column":8},"end":{"line":29,"column":24}},"loc":{"start":{"line":29,"column":24},"end":{"line":34,"column":null}},"line":29},"2":{"name":"(anonymous_2)","decl":{"start":{"line":39,"column":4},"end":{"line":39,"column":28}},"loc":{"start":{"line":39,"column":28},"end":{"line":41,"column":null}},"line":39}},"branchMap":{"0":{"loc":{"start":{"line":17,"column":8},"end":{"line":19,"column":null}},"type":"if","locations":[{"start":{"line":17,"column":8},"end":{"line":19,"column":null}},{"start":{},"end":{}}],"line":17}},"s":{"0":10,"1":10,"2":10,"3":1,"4":9,"5":3,"6":9},"f":{"0":10,"1":3,"2":9},"b":{"0":[1,9]},"meta":{"lastBranch":1,"lastFunction":3,"lastStatement":7,"seen":{"f:13:4:13:16":0,"s:14:8:14:Infinity":0,"s:15:8:15:Infinity":1,"b:17:8:19:Infinity:undefined:undefined:undefined:undefined":0,"s:17:8:19:Infinity":2,"s:18:12:18:Infinity":3,"s:21:8:21:Infinity":4,"f:29:8:29:24":1,"s:33:8:33:Infinity":5,"f:39:4:39:28":2,"s:40:8:40:Infinity":6}}}
}
